<?xml version="1.0" encoding="UTF-8"?>
<testsuite xmlns:xsi="http://www.w3.org/2001/XMLSchema-instance" xsi:noNamespaceSchemaLocation="https://maven.apache.org/surefire/maven-surefire-plugin/xsd/surefire-test-report.xsd" version="3.0.2" name="com.kindconnect.controller.ResourceControllerTest" time="2.639" tests="1" errors="0" skipped="0" failures="0">
  <properties>
[...]
</properties>
  <testcase name="getResourcesByCategory_returnsJsonResponse" classname="com.kindconnect.controller.ResourceControllerTest" time="0.175">
    <system-out><![CDATA[17:08:32.466 [main] INFO org.springframework.test.context.support.AnnotationConfigContextLoaderUtils -- Could not detect default configuration classes for test class [com.kindconnect.controller.ResourceControllerTest]: ResourceControllerTest does not declare any static, non-private, non-final, nested classes annotated with @Configuration.
17:08:32.577 [main] INFO org.springframework.boot.test.context.SpringBootTestContextBootstrapper -- Found @SpringBootConfiguration com.kindconnect.KindConnectApplication for test class com.kindconnect.controller.ResourceControllerTest

  .   ____          _            __ _ _
 /\\ / ___'_ __ _ _(_)_ __  __ _ \ \ \ \
( ( )\___ | '_ | '_| | '_ \/ _` | \ \ \ \
 \\/  ___)| |_)| | | | | || (_| |  ) ) ) )
  '  |____| .__|_| |_|_| |_\__, | / / / /
 =========|_|==============|___/=/_/_/_/
 :: Spring Boot ::                (v3.2.7)

2026-06-03T17:08:32.906-04:00  INFO 3467 --- [KindConnect] [           main] c.k.controller.ResourceControllerTest    : Starting ResourceControllerTest using Java 25.0.2 with PID 3467 (started by prachi in /Users/prachi/Projects/kindConnect)
2026-06-03T17:08:32.908-04:00  INFO 3467 --- [KindConnect] [           main] c.k.controller.ResourceControllerTest    : No active profile set, falling back to 1 default profile: "default"
2026-06-03T17:08:34.774-04:00  INFO 3467 --- [KindConnect] [           main] o.s.b.t.m.w.SpringBootMockServletContext : Initializing Spring TestDispatcherServlet ''
2026-06-03T17:08:34.775-04:00  INFO 3467 --- [KindConnect] [           main] o.s.t.web.servlet.TestDispatcherServlet  : Initializing Servlet ''
2026-06-03T17:08:34.776-04:00  INFO 3467 --- [KindConnect] [           main] o.s.t.web.servlet.TestDispatcherServlet  : Completed initialization in 1 ms
2026-06-03T17:08:34.795-04:00  INFO 3467 --- [KindConnect] [           main] c.k.controller.ResourceControllerTest    : Started ResourceControllerTest in 2.147 seconds (process running for 3.112)
]]></system-out>
    <system-err><![CDATA[WARNING: A Java agent has been loaded dynamically (/Users/prachi/.m2/repository/net/bytebuddy/byte-buddy-agent/1.14.17/byte-buddy-agent-1.14.17.jar)
WARNING: If a serviceability tool is in use, please run with -XX:+EnableDynamicAgentLoading to hide this warning
WARNING: If a serviceability tool is not in use, please run with -Djdk.instrument.traceUsage for more information
WARNING: Dynamic loading of agents will be disallowed by default in a future release
]]></system-err>
  </testcase>
</testsuite>